2018-08-01 13:02:10 - PHP Warning:  mysqli::mysqli(): (HY000/2002): No connection could be made because the target machine actively refused it.
 in E:\wamp64\www\HuuPhuoc_Ecommerce\system\library\db\mysqli.php on line 7
2018-08-01 13:02:10 - PHP Warning:  DB\MySQLi::__construct(): Couldn't fetch mysqli in E:\wamp64\www\HuuPhuoc_Ecommerce\system\library\db\mysqli.php on line 10
2018-08-01 13:02:10 - PHP Warning:  DB\MySQLi::__construct(): Couldn't fetch mysqli in E:\wamp64\www\HuuPhuoc_Ecommerce\system\library\db\mysqli.php on line 10
2018-08-01 13:02:10 - PHP Notice:  Undefined variable: mysql in E:\wamp64\www\HuuPhuoc_Ecommerce\install\controller\install\step_3.php on line 280
2018-08-01 13:02:10 - PHP Notice:  Trying to get property of non-object in E:\wamp64\www\HuuPhuoc_Ecommerce\install\controller\install\step_3.php on line 280
2018-08-01 13:03:25 - PHP Warning:  mysqli::mysqli(): (HY000/2002): No connection could be made because the target machine actively refused it.
 in E:\wamp64\www\HuuPhuoc_Ecommerce\system\library\db\mysqli.php on line 7
2018-08-01 13:03:25 - PHP Warning:  DB\MySQLi::__construct(): Couldn't fetch mysqli in E:\wamp64\www\HuuPhuoc_Ecommerce\system\library\db\mysqli.php on line 10
2018-08-01 13:03:25 - PHP Warning:  DB\MySQLi::__construct(): Couldn't fetch mysqli in E:\wamp64\www\HuuPhuoc_Ecommerce\system\library\db\mysqli.php on line 10
2018-08-01 13:03:25 - PHP Notice:  Undefined variable: mysql in E:\wamp64\www\HuuPhuoc_Ecommerce\install\controller\install\step_3.php on line 280
2018-08-01 13:03:25 - PHP Notice:  Trying to get property of non-object in E:\wamp64\www\HuuPhuoc_Ecommerce\install\controller\install\step_3.php on line 280
2018-08-17 15:35:50 - PHP Warning:  mail(): Failed to connect to mailserver at &quot;localhost&quot; port 25, verify your &quot;SMTP&quot; and &quot;smtp_port&quot; setting in php.ini or use ini_set() in E:\wamp64\www\HuuPhuoc_Ecommerce\system\library\mail\mail.php on line 77
2018-08-17 15:36:27 - PHP Warning:  mail(): Failed to connect to mailserver at &quot;localhost&quot; port 25, verify your &quot;SMTP&quot; and &quot;smtp_port&quot; setting in php.ini or use ini_set() in E:\wamp64\www\HuuPhuoc_Ecommerce\system\library\mail\mail.php on line 77
2018-08-17 15:37:00 - PHP Warning:  mail(): Failed to connect to mailserver at &quot;localhost&quot; port 25, verify your &quot;SMTP&quot; and &quot;smtp_port&quot; setting in php.ini or use ini_set() in E:\wamp64\www\HuuPhuoc_Ecommerce\system\library\mail\mail.php on line 77
2018-09-02 1:35:06 - PHP Warning:  Division by zero in E:\wamp64\www\HuuPhuoc_Ecommerce\admin\model\localisation\currency.php on line 141
2018-09-02 1:35:06 - PHP Warning:  Division by zero in E:\wamp64\www\HuuPhuoc_Ecommerce\admin\model\localisation\currency.php on line 141
2018-09-02 1:35:06 - PHP Warning:  Division by zero in E:\wamp64\www\HuuPhuoc_Ecommerce\admin\model\localisation\currency.php on line 141
2018-09-02 1:35:06 - PHP Warning:  Division by zero in E:\wamp64\www\HuuPhuoc_Ecommerce\admin\model\localisation\currency.php on line 141
2018-09-02 1:35:06 - PHP Warning:  Division by zero in E:\wamp64\www\HuuPhuoc_Ecommerce\admin\model\localisation\currency.php on line 141
2018-09-02 1:35:06 - PHP Warning:  Division by zero in E:\wamp64\www\HuuPhuoc_Ecommerce\admin\model\localisation\currency.php on line 141
2018-09-02 1:35:06 - PHP Warning:  Division by zero in E:\wamp64\www\HuuPhuoc_Ecommerce\admin\model\localisation\currency.php on line 141
2018-09-02 1:35:06 - PHP Warning:  Division by zero in E:\wamp64\www\HuuPhuoc_Ecommerce\admin\model\localisation\currency.php on line 141
2018-09-02 1:35:06 - PHP Warning:  Division by zero in E:\wamp64\www\HuuPhuoc_Ecommerce\admin\model\localisation\currency.php on line 141
2018-09-02 1:35:06 - PHP Warning:  Division by zero in E:\wamp64\www\HuuPhuoc_Ecommerce\admin\model\localisation\currency.php on line 141
2018-09-16 2:39:10 - PHP Notice:  Undefined index: email in E:\wamp64\www\HuuPhuoc_Ecommerce\admin\controller\extension\report\customer_transaction.php on line 118
2018-09-16 3:42:24 - PHP Notice:  Use of undefined constant FILTER_VALIDATE_telephone - assumed 'FILTER_VALIDATE_telephone' in E:\wamp64\www\HuuPhuoc_Ecommerce\admin\controller\customer\customer.php on line 967
2018-09-16 3:42:24 - PHP Warning:  filter_var() expects parameter 2 to be long, string given in E:\wamp64\www\HuuPhuoc_Ecommerce\admin\controller\customer\customer.php on line 967
2018-09-16 3:42:49 - PHP Notice:  Use of undefined constant FILTER_VALIDATE_telephone - assumed 'FILTER_VALIDATE_telephone' in E:\wamp64\www\HuuPhuoc_Ecommerce\admin\controller\customer\customer.php on line 967
2018-09-16 3:42:49 - PHP Warning:  filter_var() expects parameter 2 to be long, string given in E:\wamp64\www\HuuPhuoc_Ecommerce\admin\controller\customer\customer.php on line 967
